[(20151230150644)|(ACP_SDK_LOG)]=[SingleCertMode:[true]]
[(20151230150644)|(ACP_SDK_LOG)]=[java.vm.vendor=[Oracle Corporation]]
[(20151230150644)|(ACP_SDK_LOG)]=[java.version=[1.8.0_60]]
[(20151230150645)|(ACP_SDK_LOG)]=[Load RSA CertPath=[/usr/local/tomcat7/webapps/ROOT/WEB-INF/classes/certs/PM_700000000000001_acp.pfx],Pwd=[000000]]
[(20151230150645)|(SDK_ERR_LOG)]=[getKeyInfo Error]
java.io.FileNotFoundException: /usr/local/tomcat7/webapps/ROOT/WEB-INF/classes/certs/PM_700000000000001_acp.pfx (No such file or directory)
	at java.io.FileInputStream.open0(Native Method)
	at java.io.FileInputStream.open(FileInputStream.java:195)
	at java.io.FileInputStream.<init>(FileInputStream.java:138)
	at java.io.FileInputStream.<init>(FileInputStream.java:93)
	at com.unionpay.acp.sdk.CertUtil.getKeyInfo(CertUtil.java:525)
	at com.unionpay.acp.sdk.CertUtil.initSignCert(CertUtil.java:88)
	at com.unionpay.acp.sdk.CertUtil.init(CertUtil.java:74)
	at com.unionpay.acp.sdk.CertUtil.<clinit>(CertUtil.java:64)
	at com.unionpay.acp.sdk.SDKUtil.sign(SDKUtil.java:83)
	at org.jfantasy.pay.product.Unionpay.sign(Unionpay.java:297)
	at org.jfantasy.pay.product.Unionpay.send(Unionpay.java:257)
	at org.jfantasy.pay.product.Unionpay.app(Unionpay.java:225)
	at org.jfantasy.pay.product.UnionpayTest.testApp(UnionpayTest.java:82)
	at sun.reflect.NativeMethodAccessorImpl.invoke0(Native Method)
	at sun.reflect.NativeMethodAccessorImpl.invoke(NativeMethodAccessorImpl.java:62)
	at sun.reflect.DelegatingMethodAccessorImpl.invoke(DelegatingMethodAccessorImpl.java:43)
	at java.lang.reflect.Method.invoke(Method.java:497)
	at org.junit.runners.model.FrameworkMethod$1.runReflectiveCall(FrameworkMethod.java:44)
	at org.junit.internal.runners.model.ReflectiveCallable.run(ReflectiveCallable.java:15)
	at org.junit.runners.model.FrameworkMethod.invokeExplosively(FrameworkMethod.java:41)
	at org.junit.internal.runners.statements.InvokeMethod.evaluate(InvokeMethod.java:20)
	at org.junit.internal.runners.statements.RunBefores.evaluate(RunBefores.java:28)
	at org.junit.internal.runners.statements.RunAfters.evaluate(RunAfters.java:31)
	at org.junit.runners.ParentRunner.runLeaf(ParentRunner.java:263)
	at org.junit.runners.BlockJUnit4ClassRunner.runChild(BlockJUnit4ClassRunner.java:69)
	at org.junit.runners.BlockJUnit4ClassRunner.runChild(BlockJUnit4ClassRunner.java:48)
	at org.junit.runners.ParentRunner$3.run(ParentRunner.java:231)
	at org.junit.runners.ParentRunner$1.schedule(ParentRunner.java:60)
	at org.junit.runners.ParentRunner.runChildren(ParentRunner.java:229)
	at org.junit.runners.ParentRunner.access$000(ParentRunner.java:50)
	at org.junit.runners.ParentRunner$2.evaluate(ParentRunner.java:222)
	at org.junit.runners.ParentRunner.run(ParentRunner.java:292)
	at org.junit.runner.JUnitCore.run(JUnitCore.java:157)
	at com.intellij.junit4.JUnit4IdeaTestRunner.startRunnerWithArgs(JUnit4IdeaTestRunner.java:69)
	at com.intellij.rt.execution.junit.JUnitStarter.prepareStreamsAndStart(JUnitStarter.java:234)
	at com.intellij.rt.execution.junit.JUnitStarter.main(JUnitStarter.java:74)
[(20151230150645)|(SDK_ERR_LOG)]=[getSignCertId Error]
java.lang.NullPointerException
	at com.unionpay.acp.sdk.CertUtil.getSignCertId(CertUtil.java:408)
	at com.unionpay.acp.sdk.CertUtil.initSignCert(CertUtil.java:91)
	at com.unionpay.acp.sdk.CertUtil.init(CertUtil.java:74)
	at com.unionpay.acp.sdk.CertUtil.<clinit>(CertUtil.java:64)
	at com.unionpay.acp.sdk.SDKUtil.sign(SDKUtil.java:83)
	at org.jfantasy.pay.product.Unionpay.sign(Unionpay.java:297)
	at org.jfantasy.pay.product.Unionpay.send(Unionpay.java:257)
	at org.jfantasy.pay.product.Unionpay.app(Unionpay.java:225)
	at org.jfantasy.pay.product.UnionpayTest.testApp(UnionpayTest.java:82)
	at sun.reflect.NativeMethodAccessorImpl.invoke0(Native Method)
	at sun.reflect.NativeMethodAccessorImpl.invoke(NativeMethodAccessorImpl.java:62)
	at sun.reflect.DelegatingMethodAccessorImpl.invoke(DelegatingMethodAccessorImpl.java:43)
	at java.lang.reflect.Method.invoke(Method.java:497)
	at org.junit.runners.model.FrameworkMethod$1.runReflectiveCall(FrameworkMethod.java:44)
	at org.junit.internal.runners.model.ReflectiveCallable.run(ReflectiveCallable.java:15)
	at org.junit.runners.model.FrameworkMethod.invokeExplosively(FrameworkMethod.java:41)
	at org.junit.internal.runners.statements.InvokeMethod.evaluate(InvokeMethod.java:20)
	at org.junit.internal.runners.statements.RunBefores.evaluate(RunBefores.java:28)
	at org.junit.internal.runners.statements.RunAfters.evaluate(RunAfters.java:31)
	at org.junit.runners.ParentRunner.runLeaf(ParentRunner.java:263)
	at org.junit.runners.BlockJUnit4ClassRunner.runChild(BlockJUnit4ClassRunner.java:69)
	at org.junit.runners.BlockJUnit4ClassRunner.runChild(BlockJUnit4ClassRunner.java:48)
	at org.junit.runners.ParentRunner$3.run(ParentRunner.java:231)
	at org.junit.runners.ParentRunner$1.schedule(ParentRunner.java:60)
	at org.junit.runners.ParentRunner.runChildren(ParentRunner.java:229)
	at org.junit.runners.ParentRunner.access$000(ParentRunner.java:50)
	at org.junit.runners.ParentRunner$2.evaluate(ParentRunner.java:222)
	at org.junit.runners.ParentRunner.run(ParentRunner.java:292)
	at org.junit.runner.JUnitCore.run(JUnitCore.java:157)
	at com.intellij.junit4.JUnit4IdeaTestRunner.startRunnerWithArgs(JUnit4IdeaTestRunner.java:69)
	at com.intellij.rt.execution.junit.JUnitStarter.prepareStreamsAndStart(JUnitStarter.java:234)
	at com.intellij.rt.execution.junit.JUnitStarter.main(JUnitStarter.java:74)
[(20151230150645)|(ACP_SDK_LOG)]=[InitSignCert Successful. CertId=[null]]
[(20151230150645)|(SDK_ERR_LOG)]=[InitCert Error File Not Found]
java.io.FileNotFoundException: /usr/local/tomcat7/webapps/ROOT/WEB-INF/classes/certs/encrypt.cer (No such file or directory)
	at java.io.FileInputStream.open0(Native Method)
	at java.io.FileInputStream.open(FileInputStream.java:195)
	at java.io.FileInputStream.<init>(FileInputStream.java:138)
	at java.io.FileInputStream.<init>(FileInputStream.java:93)
	at com.unionpay.acp.sdk.CertUtil.initCert(CertUtil.java:167)
	at com.unionpay.acp.sdk.CertUtil.initEncryptCert(CertUtil.java:143)
	at com.unionpay.acp.sdk.CertUtil.init(CertUtil.java:76)
	at com.unionpay.acp.sdk.CertUtil.<clinit>(CertUtil.java:64)
	at com.unionpay.acp.sdk.SDKUtil.sign(SDKUtil.java:83)
	at org.jfantasy.pay.product.Unionpay.sign(Unionpay.java:297)
	at org.jfantasy.pay.product.Unionpay.send(Unionpay.java:257)
	at org.jfantasy.pay.product.Unionpay.app(Unionpay.java:225)
	at org.jfantasy.pay.product.UnionpayTest.testApp(UnionpayTest.java:82)
	at sun.reflect.NativeMethodAccessorImpl.invoke0(Native Method)
	at sun.reflect.NativeMethodAccessorImpl.invoke(NativeMethodAccessorImpl.java:62)
	at sun.reflect.DelegatingMethodAccessorImpl.invoke(DelegatingMethodAccessorImpl.java:43)
	at java.lang.reflect.Method.invoke(Method.java:497)
	at org.junit.runners.model.FrameworkMethod$1.runReflectiveCall(FrameworkMethod.java:44)
	at org.junit.internal.runners.model.ReflectiveCallable.run(ReflectiveCallable.java:15)
	at org.junit.runners.model.FrameworkMethod.invokeExplosively(FrameworkMethod.java:41)
	at org.junit.internal.runners.statements.InvokeMethod.evaluate(InvokeMethod.java:20)
	at org.junit.internal.runners.statements.RunBefores.evaluate(RunBefores.java:28)
	at org.junit.internal.runners.statements.RunAfters.evaluate(RunAfters.java:31)
	at org.junit.runners.ParentRunner.runLeaf(ParentRunner.java:263)
	at org.junit.runners.BlockJUnit4ClassRunner.runChild(BlockJUnit4ClassRunner.java:69)
	at org.junit.runners.BlockJUnit4ClassRunner.runChild(BlockJUnit4ClassRunner.java:48)
	at org.junit.runners.ParentRunner$3.run(ParentRunner.java:231)
	at org.junit.runners.ParentRunner$1.schedule(ParentRunner.java:60)
	at org.junit.runners.ParentRunner.runChildren(ParentRunner.java:229)
	at org.junit.runners.ParentRunner.access$000(ParentRunner.java:50)
	at org.junit.runners.ParentRunner$2.evaluate(ParentRunner.java:222)
	at org.junit.runners.ParentRunner.run(ParentRunner.java:292)
	at org.junit.runner.JUnitCore.run(JUnitCore.java:157)
	at com.intellij.junit4.JUnit4IdeaTestRunner.startRunnerWithArgs(JUnit4IdeaTestRunner.java:69)
	at com.intellij.rt.execution.junit.JUnitStarter.prepareStreamsAndStart(JUnitStarter.java:234)
	at com.intellij.rt.execution.junit.JUnitStarter.main(JUnitStarter.java:74)
[(20151230150645)|(ACP_SDK_LOG)]=[LoadEncryptCert Successful]
[(20151230150645)|(ACP_SDK_LOG)]=[WARN: acpsdk.encryptTrackCert.path is empty]
[(20151230151344)|(ACP_SDK_LOG)]=[SingleCertMode:[true]]
[(20151230151345)|(ACP_SDK_LOG)]=[java.vm.vendor=[Oracle Corporation]]
[(20151230151345)|(ACP_SDK_LOG)]=[java.version=[1.8.0_60]]
[(20151230151345)|(ACP_SDK_LOG)]=[Load RSA CertPath=[/Users/limaofeng/framework/pay/target/test-classes/certs/PM_700000000000001_acp.pfx],Pwd=[000000]]
[(20151230151347)|(ACP_SDK_LOG)]=[InitSignCert Successful. CertId=[40220995861346480087409489142384722381]]
[(20151230151347)|(ACP_SDK_LOG)]=[[/Users/limaofeng/framework/pay/target/test-classes/certs/encrypt.cer][CertId=87542682951161536912959476560149378562]]
[(20151230151347)|(ACP_SDK_LOG)]=[LoadEncryptCert Successful]
[(20151230151347)|(ACP_SDK_LOG)]=[WARN: acpsdk.encryptTrackCert.path is empty]
[(20151230151347)|(ACP_SDK_LOG)]=[[/Users/limaofeng/framework/pay/target/test-classes/certs/encrypt.cer][CertId=87542682951161536912959476560149378562]]
[(20151230151347)|(ACP_SDK_LOG)]=[[/Users/limaofeng/framework/pay/target/test-classes/certs/verify_sign_acp.cer][CertId=68759585097]]
[(20151230151347)|(ACP_SDK_LOG)]=[LoadVerifyCert Successful]
[(20151230151351)|(ACP_SDK_LOG)]=[验签处理开始.]
[(20151230153234)|(ACP_SDK_LOG)]=[SingleCertMode:[true]]
[(20151230153235)|(ACP_SDK_LOG)]=[java.vm.vendor=[Oracle Corporation]]
[(20151230153235)|(ACP_SDK_LOG)]=[java.version=[1.8.0_60]]
[(20151230153236)|(ACP_SDK_LOG)]=[Load RSA CertPath=[/Users/limaofeng/framework/pay/target/test-classes/certs/PM_700000000000001_acp.pfx],Pwd=[000000]]
[(20151230153238)|(ACP_SDK_LOG)]=[InitSignCert Successful. CertId=[40220995861346480087409489142384722381]]
[(20151230153238)|(ACP_SDK_LOG)]=[[/Users/limaofeng/framework/pay/target/test-classes/certs/encrypt.cer][CertId=87542682951161536912959476560149378562]]
[(20151230153238)|(ACP_SDK_LOG)]=[LoadEncryptCert Successful]
[(20151230153238)|(ACP_SDK_LOG)]=[WARN: acpsdk.encryptTrackCert.path is empty]
[(20151230153238)|(ACP_SDK_LOG)]=[[/Users/limaofeng/framework/pay/target/test-classes/certs/encrypt.cer][CertId=87542682951161536912959476560149378562]]
[(20151230153238)|(ACP_SDK_LOG)]=[[/Users/limaofeng/framework/pay/target/test-classes/certs/verify_sign_acp.cer][CertId=68759585097]]
[(20151230153238)|(ACP_SDK_LOG)]=[LoadVerifyCert Successful]
[(20151230153241)|(ACP_SDK_LOG)]=[验签处理开始.]
[(20151230153418)|(ACP_SDK_LOG)]=[SingleCertMode:[true]]
[(20151230153425)|(ACP_SDK_LOG)]=[java.vm.vendor=[Oracle Corporation]]
[(20151230153425)|(ACP_SDK_LOG)]=[java.version=[1.8.0_60]]
[(20151230153425)|(ACP_SDK_LOG)]=[Load RSA CertPath=[/Users/limaofeng/framework/pay/target/test-classes/certs/PM_700000000000001_acp.pfx],Pwd=[000000]]
[(20151230153426)|(ACP_SDK_LOG)]=[InitSignCert Successful. CertId=[40220995861346480087409489142384722381]]
[(20151230153426)|(ACP_SDK_LOG)]=[[/Users/limaofeng/framework/pay/target/test-classes/certs/encrypt.cer][CertId=87542682951161536912959476560149378562]]
[(20151230153426)|(ACP_SDK_LOG)]=[LoadEncryptCert Successful]
[(20151230153426)|(ACP_SDK_LOG)]=[WARN: acpsdk.encryptTrackCert.path is empty]
[(20151230153426)|(ACP_SDK_LOG)]=[[/Users/limaofeng/framework/pay/target/test-classes/certs/encrypt.cer][CertId=87542682951161536912959476560149378562]]
[(20151230153426)|(ACP_SDK_LOG)]=[[/Users/limaofeng/framework/pay/target/test-classes/certs/verify_sign_acp.cer][CertId=68759585097]]
[(20151230153426)|(ACP_SDK_LOG)]=[LoadVerifyCert Successful]
[(20151230153600)|(ACP_SDK_LOG)]=[SingleCertMode:[true]]
[(20151230153711)|(ACP_SDK_LOG)]=[java.vm.vendor=[Oracle Corporation]]
[(20151230153711)|(ACP_SDK_LOG)]=[java.version=[1.8.0_60]]
[(20151230153712)|(ACP_SDK_LOG)]=[Load RSA CertPath=[/Users/limaofeng/framework/pay/target/test-classes/certs/PM_700000000000001_acp.pfx],Pwd=[000000]]
[(20151230153716)|(ACP_SDK_LOG)]=[InitSignCert Successful. CertId=[40220995861346480087409489142384722381]]
[(20151230153716)|(ACP_SDK_LOG)]=[[/Users/limaofeng/framework/pay/target/test-classes/certs/encrypt.cer][CertId=87542682951161536912959476560149378562]]
[(20151230153716)|(ACP_SDK_LOG)]=[LoadEncryptCert Successful]
[(20151230153716)|(ACP_SDK_LOG)]=[WARN: acpsdk.encryptTrackCert.path is empty]
[(20151230153716)|(ACP_SDK_LOG)]=[[/Users/limaofeng/framework/pay/target/test-classes/certs/encrypt.cer][CertId=87542682951161536912959476560149378562]]
[(20151230153716)|(ACP_SDK_LOG)]=[[/Users/limaofeng/framework/pay/target/test-classes/certs/verify_sign_acp.cer][CertId=68759585097]]
[(20151230153716)|(ACP_SDK_LOG)]=[LoadVerifyCert Successful]
[(20151230153718)|(ACP_SDK_LOG)]=[验签处理开始.]
[(20151230173447)|(ACP_SDK_LOG)]=[SingleCertMode:[true]]
[(20151230173515)|(org.jfantasy.pay.product.util.CertUtil)]=[java.vm.vendor=[Oracle Corporation]]
[(20151230173515)|(org.jfantasy.pay.product.util.CertUtil)]=[java.version=[1.8.0_60]]
[(20151230173516)|(org.jfantasy.pay.product.util.CertUtil)]=[Load RSA CertPath=[/certs/PM_700000000000001_acp.pfx],Pwd=[null]]
[(20151230173536)|(org.jfantasy.pay.product.util.CertUtil)]=[getSignCertId Error]
java.lang.NullPointerException
	at org.jfantasy.pay.product.util.CertUtil.getCertId(CertUtil.java:34)
	at org.jfantasy.pay.product.Unionpay.app(Unionpay.java:178)
	at org.jfantasy.pay.product.UnionpayTest.testApp(UnionpayTest.java:124)
	at sun.reflect.NativeMethodAccessorImpl.invoke0(Native Method)
	at sun.reflect.NativeMethodAccessorImpl.invoke(NativeMethodAccessorImpl.java:62)
	at sun.reflect.DelegatingMethodAccessorImpl.invoke(DelegatingMethodAccessorImpl.java:43)
	at java.lang.reflect.Method.invoke(Method.java:497)
	at org.junit.runners.model.FrameworkMethod$1.runReflectiveCall(FrameworkMethod.java:44)
	at org.junit.internal.runners.model.ReflectiveCallable.run(ReflectiveCallable.java:15)
	at org.junit.runners.model.FrameworkMethod.invokeExplosively(FrameworkMethod.java:41)
	at org.junit.internal.runners.statements.InvokeMethod.evaluate(InvokeMethod.java:20)
	at org.junit.internal.runners.statements.RunBefores.evaluate(RunBefores.java:28)
	at org.junit.internal.runners.statements.RunAfters.evaluate(RunAfters.java:31)
	at org.junit.runners.ParentRunner.runLeaf(ParentRunner.java:263)
	at org.junit.runners.BlockJUnit4ClassRunner.runChild(BlockJUnit4ClassRunner.java:69)
	at org.junit.runners.BlockJUnit4ClassRunner.runChild(BlockJUnit4ClassRunner.java:48)
	at org.junit.runners.ParentRunner$3.run(ParentRunner.java:231)
	at org.junit.runners.ParentRunner$1.schedule(ParentRunner.java:60)
	at org.junit.runners.ParentRunner.runChildren(ParentRunner.java:229)
	at org.junit.runners.ParentRunner.access$000(ParentRunner.java:50)
	at org.junit.runners.ParentRunner$2.evaluate(ParentRunner.java:222)
	at org.junit.runners.ParentRunner.run(ParentRunner.java:292)
	at org.junit.runner.JUnitCore.run(JUnitCore.java:157)
	at com.intellij.junit4.JUnit4IdeaTestRunner.startRunnerWithArgs(JUnit4IdeaTestRunner.java:69)
	at com.intellij.rt.execution.junit.JUnitStarter.prepareStreamsAndStart(JUnitStarter.java:234)
	at com.intellij.rt.execution.junit.JUnitStarter.main(JUnitStarter.java:74)
[(20151230173539)|(org.jfantasy.pay.product.Unionpay)]=[签名异常]
java.lang.NullPointerException
	at org.jfantasy.pay.product.util.CertUtil.getCertPrivateKey(CertUtil.java:63)
	at org.jfantasy.pay.product.Unionpay.sign(Unionpay.java:349)
	at org.jfantasy.pay.product.Unionpay.app(Unionpay.java:179)
	at org.jfantasy.pay.product.UnionpayTest.testApp(UnionpayTest.java:124)
	at sun.reflect.NativeMethodAccessorImpl.invoke0(Native Method)
	at sun.reflect.NativeMethodAccessorImpl.invoke(NativeMethodAccessorImpl.java:62)
	at sun.reflect.DelegatingMethodAccessorImpl.invoke(DelegatingMethodAccessorImpl.java:43)
	at java.lang.reflect.Method.invoke(Method.java:497)
	at org.junit.runners.model.FrameworkMethod$1.runReflectiveCall(FrameworkMethod.java:44)
	at org.junit.internal.runners.model.ReflectiveCallable.run(ReflectiveCallable.java:15)
	at org.junit.runners.model.FrameworkMethod.invokeExplosively(FrameworkMethod.java:41)
	at org.junit.internal.runners.statements.InvokeMethod.evaluate(InvokeMethod.java:20)
	at org.junit.internal.runners.statements.RunBefores.evaluate(RunBefores.java:28)
	at org.junit.internal.runners.statements.RunAfters.evaluate(RunAfters.java:31)
	at org.junit.runners.ParentRunner.runLeaf(ParentRunner.java:263)
	at org.junit.runners.BlockJUnit4ClassRunner.runChild(BlockJUnit4ClassRunner.java:69)
	at org.junit.runners.BlockJUnit4ClassRunner.runChild(BlockJUnit4ClassRunner.java:48)
	at org.junit.runners.ParentRunner$3.run(ParentRunner.java:231)
	at org.junit.runners.ParentRunner$1.schedule(ParentRunner.java:60)
	at org.junit.runners.ParentRunner.runChildren(ParentRunner.java:229)
	at org.junit.runners.ParentRunner.access$000(ParentRunner.java:50)
	at org.junit.runners.ParentRunner$2.evaluate(ParentRunner.java:222)
	at org.junit.runners.ParentRunner.run(ParentRunner.java:292)
	at org.junit.runner.JUnitCore.run(JUnitCore.java:157)
	at com.intellij.junit4.JUnit4IdeaTestRunner.startRunnerWithArgs(JUnit4IdeaTestRunner.java:69)
	at com.intellij.rt.execution.junit.JUnitStarter.prepareStreamsAndStart(JUnitStarter.java:234)
	at com.intellij.rt.execution.junit.JUnitStarter.main(JUnitStarter.java:74)
[(20151230173623)|(ACP_SDK_LOG)]=[SingleCertMode:[true]]
[(20151230173643)|(org.jfantasy.pay.product.util.CertUtil)]=[java.vm.vendor=[Oracle Corporation]]
[(20151230173643)|(org.jfantasy.pay.product.util.CertUtil)]=[java.version=[1.8.0_60]]
[(20151230173645)|(org.jfantasy.pay.product.util.CertUtil)]=[Load RSA CertPath=[/certs/PM_700000000000001_acp.pfx],Pwd=[000000]]
[(20151230173720)|(ACP_SDK_LOG)]=[验签处理开始.]
[(20151230173720)|(org.jfantasy.pay.product.Unionpay)]=[Signature length not correct: got 256 but was expecting 128]
java.security.SignatureException: Signature length not correct: got 256 but was expecting 128
	at sun.security.rsa.RSASignature.engineVerify(RSASignature.java:189)
	at java.security.Signature$Delegate.engineVerify(Signature.java:1219)
	at java.security.Signature.verify(Signature.java:652)
	at org.jfantasy.pay.product.util.SecureUtil.validateSignBySoft(SecureUtil.java:122)
	at org.jfantasy.pay.product.Unionpay.validate(Unionpay.java:477)
	at org.jfantasy.pay.product.Unionpay.app(Unionpay.java:191)
	at org.jfantasy.pay.product.UnionpayTest.testApp(UnionpayTest.java:126)
	at sun.reflect.NativeMethodAccessorImpl.invoke0(Native Method)
	at sun.reflect.NativeMethodAccessorImpl.invoke(NativeMethodAccessorImpl.java:62)
	at sun.reflect.DelegatingMethodAccessorImpl.invoke(DelegatingMethodAccessorImpl.java:43)
	at java.lang.reflect.Method.invoke(Method.java:497)
	at org.junit.runners.model.FrameworkMethod$1.runReflectiveCall(FrameworkMethod.java:44)
	at org.junit.internal.runners.model.ReflectiveCallable.run(ReflectiveCallable.java:15)
	at org.junit.runners.model.FrameworkMethod.invokeExplosively(FrameworkMethod.java:41)
	at org.junit.internal.runners.statements.InvokeMethod.evaluate(InvokeMethod.java:20)
	at org.junit.internal.runners.statements.RunBefores.evaluate(RunBefores.java:28)
	at org.junit.internal.runners.statements.RunAfters.evaluate(RunAfters.java:31)
	at org.junit.runners.ParentRunner.runLeaf(ParentRunner.java:263)
	at org.junit.runners.BlockJUnit4ClassRunner.runChild(BlockJUnit4ClassRunner.java:69)
	at org.junit.runners.BlockJUnit4ClassRunner.runChild(BlockJUnit4ClassRunner.java:48)
	at org.junit.runners.ParentRunner$3.run(ParentRunner.java:231)
	at org.junit.runners.ParentRunner$1.schedule(ParentRunner.java:60)
	at org.junit.runners.ParentRunner.runChildren(ParentRunner.java:229)
	at org.junit.runners.ParentRunner.access$000(ParentRunner.java:50)
	at org.junit.runners.ParentRunner$2.evaluate(ParentRunner.java:222)
	at org.junit.runners.ParentRunner.run(ParentRunner.java:292)
	at org.junit.runner.JUnitCore.run(JUnitCore.java:157)
	at com.intellij.junit4.JUnit4IdeaTestRunner.startRunnerWithArgs(JUnit4IdeaTestRunner.java:69)
	at com.intellij.rt.execution.junit.JUnitStarter.prepareStreamsAndStart(JUnitStarter.java:234)
	at com.intellij.rt.execution.junit.JUnitStarter.main(JUnitStarter.java:74)
[(20151230175000)|(ACP_SDK_LOG)]=[SingleCertMode:[true]]
[(20151230175001)|(org.jfantasy.pay.product.util.CertUtil)]=[java.vm.vendor=[Oracle Corporation]]
[(20151230175001)|(org.jfantasy.pay.product.util.CertUtil)]=[java.version=[1.8.0_60]]
[(20151230175001)|(org.jfantasy.pay.product.util.CertUtil)]=[Load RSA CertPath=[/certs/PM_700000000000001_acp.pfx],Pwd=[000000]]
[(20151230175007)|(ACP_SDK_LOG)]=[验签处理开始.]
[(20151230175012)|(org.jfantasy.pay.product.util.CertUtil)]=[LoadVerifyCert Successful]
